mode: set
github.com/NSXBet/batcher/pkg/batcher/batcher.go:16.38,18.2 1 1
github.com/NSXBet/batcher/pkg/batcher/batcher.go:40.51,54.33 2 1
github.com/NSXBet/batcher/pkg/batcher/batcher.go:54.33,56.3 1 1
github.com/NSXBet/batcher/pkg/batcher/batcher.go:58.2,65.10 5 1
github.com/NSXBet/batcher/pkg/batcher/batcher.go:68.42,70.2 1 1
github.com/NSXBet/batcher/pkg/batcher/batcher.go:72.34,75.2 2 1
github.com/NSXBet/batcher/pkg/batcher/batcher.go:77.32,79.2 1 1
github.com/NSXBet/batcher/pkg/batcher/batcher.go:81.56,82.6 1 1
github.com/NSXBet/batcher/pkg/batcher/batcher.go:82.6,83.10 1 1
github.com/NSXBet/batcher/pkg/batcher/batcher.go:84.30,85.21 1 0
github.com/NSXBet/batcher/pkg/batcher/batcher.go:86.11,87.20 1 1
github.com/NSXBet/batcher/pkg/batcher/batcher.go:87.20,89.5 1 1
github.com/NSXBet/batcher/pkg/batcher/batcher.go:90.4,90.36 1 1
github.com/NSXBet/batcher/pkg/batcher/batcher.go:95.40,99.6 3 1
github.com/NSXBet/batcher/pkg/batcher/batcher.go:99.6,100.10 1 1
github.com/NSXBet/batcher/pkg/batcher/batcher.go:101.21,102.10 1 1
github.com/NSXBet/batcher/pkg/batcher/batcher.go:103.33,104.26 1 1
github.com/NSXBet/batcher/pkg/batcher/batcher.go:104.26,107.13 2 0
github.com/NSXBet/batcher/pkg/batcher/batcher.go:110.4,110.62 1 1
github.com/NSXBet/batcher/pkg/batcher/batcher.go:110.62,112.5 1 1
github.com/NSXBet/batcher/pkg/batcher/batcher.go:114.4,114.45 1 1
github.com/NSXBet/batcher/pkg/batcher/batcher.go:119.44,121.2 1 1
github.com/NSXBet/batcher/pkg/batcher/batcher.go:123.36,124.24 1 1
github.com/NSXBet/batcher/pkg/batcher/batcher.go:124.24,126.3 1 1
github.com/NSXBet/batcher/pkg/batcher/batcher.go:128.2,130.12 2 1
github.com/NSXBet/batcher/pkg/batcher/batcher.go:133.38,135.2 1 1
github.com/NSXBet/batcher/pkg/batcher/counter.go:9.40,11.2 1 1
github.com/NSXBet/batcher/pkg/batcher/counter.go:13.40,15.2 1 1
github.com/NSXBet/batcher/pkg/batcher/counter.go:17.38,19.2 1 1
github.com/NSXBet/batcher/pkg/batcher/counter.go:21.33,23.2 1 1
github.com/NSXBet/batcher/pkg/batcher/options.go:10.54,11.29 1 1
github.com/NSXBet/batcher/pkg/batcher/options.go:11.29,13.3 1 1
github.com/NSXBet/batcher/pkg/batcher/options.go:17.52,18.29 1 1
github.com/NSXBet/batcher/pkg/batcher/options.go:18.29,19.21 1 1
github.com/NSXBet/batcher/pkg/batcher/options.go:19.21,21.4 1 1
github.com/NSXBet/batcher/pkg/batcher/options.go:23.3,23.33 1 1
github.com/NSXBet/batcher/pkg/batcher/options.go:28.70,29.29 1 1
github.com/NSXBet/batcher/pkg/batcher/options.go:29.29,30.25 1 1
github.com/NSXBet/batcher/pkg/batcher/options.go:30.25,32.4 1 1
github.com/NSXBet/batcher/pkg/batcher/options.go:34.3,34.41 1 1
