mode: set
github.com/NSXBet/batcher/pkg/batcher/batcher.go:14.38,16.2 1 1
github.com/NSXBet/batcher/pkg/batcher/batcher.go:39.51,54.33 2 1
github.com/NSXBet/batcher/pkg/batcher/batcher.go:54.33,56.3 1 1
github.com/NSXBet/batcher/pkg/batcher/batcher.go:58.2,63.10 4 1
github.com/NSXBet/batcher/pkg/batcher/batcher.go:66.49,68.2 1 1
github.com/NSXBet/batcher/pkg/batcher/batcher.go:70.34,73.2 2 1
github.com/NSXBet/batcher/pkg/batcher/batcher.go:75.32,77.2 1 1
github.com/NSXBet/batcher/pkg/batcher/batcher.go:79.40,83.6 3 1
github.com/NSXBet/batcher/pkg/batcher/batcher.go:83.6,84.10 1 1
github.com/NSXBet/batcher/pkg/batcher/batcher.go:85.21,86.10 1 1
github.com/NSXBet/batcher/pkg/batcher/batcher.go:87.33,88.26 1 1
github.com/NSXBet/batcher/pkg/batcher/batcher.go:88.26,91.13 2 0
github.com/NSXBet/batcher/pkg/batcher/batcher.go:94.4,94.62 1 1
github.com/NSXBet/batcher/pkg/batcher/batcher.go:94.62,96.5 1 1
github.com/NSXBet/batcher/pkg/batcher/batcher.go:98.4,98.45 1 1
github.com/NSXBet/batcher/pkg/batcher/batcher.go:103.44,105.2 1 1
github.com/NSXBet/batcher/pkg/batcher/batcher.go:107.36,108.24 1 1
github.com/NSXBet/batcher/pkg/batcher/batcher.go:108.24,110.3 1 1
github.com/NSXBet/batcher/pkg/batcher/batcher.go:112.2,114.12 2 1
github.com/NSXBet/batcher/pkg/batcher/batcher.go:117.38,119.2 1 1
github.com/NSXBet/batcher/pkg/batcher/counter.go:9.40,11.2 1 1
github.com/NSXBet/batcher/pkg/batcher/counter.go:13.40,15.2 1 1
github.com/NSXBet/batcher/pkg/batcher/counter.go:17.38,19.2 1 1
github.com/NSXBet/batcher/pkg/batcher/counter.go:21.33,23.2 1 1
github.com/NSXBet/batcher/pkg/batcher/options.go:10.54,11.29 1 1
github.com/NSXBet/batcher/pkg/batcher/options.go:11.29,13.3 1 1
github.com/NSXBet/batcher/pkg/batcher/options.go:17.52,18.29 1 1
github.com/NSXBet/batcher/pkg/batcher/options.go:18.29,19.21 1 1
github.com/NSXBet/batcher/pkg/batcher/options.go:19.21,21.4 1 1
github.com/NSXBet/batcher/pkg/batcher/options.go:23.3,23.33 1 1
github.com/NSXBet/batcher/pkg/batcher/options.go:28.70,29.29 1 1
github.com/NSXBet/batcher/pkg/batcher/options.go:29.29,30.25 1 1
github.com/NSXBet/batcher/pkg/batcher/options.go:30.25,32.4 1 1
github.com/NSXBet/batcher/pkg/batcher/options.go:34.3,34.41 1 1
github.com/NSXBet/batcher/pkg/batcher/options.go:39.46,40.29 1 1
github.com/NSXBet/batcher/pkg/batcher/options.go:40.29,42.3 1 1
