mode: set
github.com/NSXBet/batcher/pkg/batcher/batcher.go:17.38,19.2 1 1
github.com/NSXBet/batcher/pkg/batcher/batcher.go:41.51,55.33 2 1
github.com/NSXBet/batcher/pkg/batcher/batcher.go:55.33,57.3 1 1
github.com/NSXBet/batcher/pkg/batcher/batcher.go:59.2,66.10 5 1
github.com/NSXBet/batcher/pkg/batcher/batcher.go:69.42,71.2 1 1
github.com/NSXBet/batcher/pkg/batcher/batcher.go:73.34,76.2 2 1
github.com/NSXBet/batcher/pkg/batcher/batcher.go:78.32,80.2 1 1
github.com/NSXBet/batcher/pkg/batcher/batcher.go:82.56,83.6 1 1
github.com/NSXBet/batcher/pkg/batcher/batcher.go:83.6,84.10 1 1
github.com/NSXBet/batcher/pkg/batcher/batcher.go:85.30,86.21 1 0
github.com/NSXBet/batcher/pkg/batcher/batcher.go:87.11,88.20 1 1
github.com/NSXBet/batcher/pkg/batcher/batcher.go:88.20,90.5 1 1
github.com/NSXBet/batcher/pkg/batcher/batcher.go:91.4,91.36 1 1
github.com/NSXBet/batcher/pkg/batcher/batcher.go:96.40,100.6 3 1
github.com/NSXBet/batcher/pkg/batcher/batcher.go:100.6,101.10 1 1
github.com/NSXBet/batcher/pkg/batcher/batcher.go:102.21,103.10 1 1
github.com/NSXBet/batcher/pkg/batcher/batcher.go:104.33,105.26 1 1
github.com/NSXBet/batcher/pkg/batcher/batcher.go:105.26,108.13 2 0
github.com/NSXBet/batcher/pkg/batcher/batcher.go:111.4,111.62 1 1
github.com/NSXBet/batcher/pkg/batcher/batcher.go:111.62,113.5 1 1
github.com/NSXBet/batcher/pkg/batcher/batcher.go:115.4,115.45 1 1
github.com/NSXBet/batcher/pkg/batcher/batcher.go:120.44,122.2 1 1
github.com/NSXBet/batcher/pkg/batcher/batcher.go:124.36,127.24 2 1
github.com/NSXBet/batcher/pkg/batcher/batcher.go:127.24,135.3 4 1
github.com/NSXBet/batcher/pkg/batcher/batcher.go:137.2,137.14 1 1
github.com/NSXBet/batcher/pkg/batcher/batcher.go:140.38,142.2 1 1
github.com/NSXBet/batcher/pkg/batcher/counter.go:9.40,11.2 1 1
github.com/NSXBet/batcher/pkg/batcher/counter.go:13.40,15.2 1 1
github.com/NSXBet/batcher/pkg/batcher/counter.go:17.38,19.2 1 1
github.com/NSXBet/batcher/pkg/batcher/counter.go:21.33,23.2 1 1
github.com/NSXBet/batcher/pkg/batcher/options.go:10.54,11.29 1 1
github.com/NSXBet/batcher/pkg/batcher/options.go:11.29,13.3 1 1
github.com/NSXBet/batcher/pkg/batcher/options.go:17.52,18.29 1 1
github.com/NSXBet/batcher/pkg/batcher/options.go:18.29,19.21 1 1
github.com/NSXBet/batcher/pkg/batcher/options.go:19.21,21.4 1 1
github.com/NSXBet/batcher/pkg/batcher/options.go:23.3,23.33 1 1
github.com/NSXBet/batcher/pkg/batcher/options.go:28.70,29.29 1 1
github.com/NSXBet/batcher/pkg/batcher/options.go:29.29,30.25 1 1
github.com/NSXBet/batcher/pkg/batcher/options.go:30.25,32.4 1 1
github.com/NSXBet/batcher/pkg/batcher/options.go:34.3,34.41 1 1
